生成启动时间为 2018/3/24 15:29:50。
     1>项目“J:\GUI2_2\GUI2_2\GUI2_2.vcxproj”在节点 2 上(Build 个目标)。
     1>CustomBuild:
         Moc'ing mainwidget.h...
         Moc'ing outputwidget.h...
         Moc'ing newexperimentwidget.h...
         Moc'ing newmachinewidget.h...
         Moc'ing inputwidget.h...
         Moc'ing registerwidget.h...
         Moc'ing loginwidget.h...
         Moc'ing grubcuts.h...
         Moc'ing onewidgetthreedimensional.h...
         Moc'ing QGLMitkWidget.h...
         Moc'ing qtopencvviewer.h...
         Moc'ing onewidget.h...
         Moc'ing toptwobottomtwo.h...
         Moc'ing leftthreerightone.h...
         Moc'ing toponebottomthree.h...
         Rcc'ing mainwidget.qrc...
     1>RCC : warning : No resources in 'J:\GUI2_2\GUI2_2\mainwidget.qrc'.
         
         Uic'ing toponebottomthree.ui...
         Uic'ing leftthreerightone.ui...
         Uic'ing toptwobottomtwo.ui...
         Uic'ing onewidget.ui...
         Uic'ing onewidgetthreedimensional.ui...
         Uic'ing loginwidget.ui...
         Uic'ing registerwidget.ui...
         Uic'ing inputwidget.ui...
         Uic'ing newmachinewidget.ui...
         Uic'ing newexperimentwidget.ui...
         Uic'ing outputwidget.ui...
         Uic'ing mainwidget.ui...
       ClCompile:
         C:\Program Files (x86)\Microsoft Visual Studio 12.0\VC\bin\CL.exe /c /I.\GeneratedFiles /I. /IC:\Qt\Qt5.8.0\5.8\msvc2013\include /I.\GeneratedFiles\Debug /IC:\Qt\Qt5.8.0\5.8\msvc2013\include\QtCore /IC:\Qt\Qt5.8.0\5.8\msvc2013\include\QtGui /IC:\Qt\Qt5.8.0\5.8\msvc2013\include\QtOpenGL /IC:\Qt\Qt5.8.0\5.8\msvc2013\include\QtWidgets /IC:\Qt\Qt5.8.0\5.8\msvc2013\include\QtSql /Zi /nologo /W1 /WX- /Od /Oy- /D UNICODE /D WIN32 /D WIN64 /D QT_DLL /D QT_CORE_LIB /D QT_GUI_LIB /D QT_OPENGL_LIB /D QT_WIDGETS_LIB /D QT_SQL_LIB /D _CRT_SECURE_NO_WARNINGS /Gm- /EHsc /MDd /GS /fp:precise /Zc:wchar_t /Zc:forScope /Fo"Debug\\" /Fd"Debug\vc120.pdb" /Gd /TP /analyze- /errorReport:prompt GeneratedFiles\Debug\moc_grubcuts.cpp GeneratedFiles\Debug\moc_inputwidget.cpp GeneratedFiles\Debug\moc_leftthreerightone.cpp GeneratedFiles\Debug\moc_loginwidget.cpp GeneratedFiles\Debug\moc_mainwidget.cpp GeneratedFiles\Debug\moc_newexperimentwidget.cpp GeneratedFiles\Debug\moc_newmachinewidget.cpp GeneratedFiles\Debug\moc_onewidget.cpp GeneratedFiles\Debug\moc_onewidgetthreedimensional.cpp GeneratedFiles\Debug\moc_outputwidget.cpp GeneratedFiles\Debug\moc_QGLMitkWidget.cpp GeneratedFiles\Debug\moc_qtopencvviewer.cpp GeneratedFiles\Debug\moc_registerwidget.cpp GeneratedFiles\Debug\moc_toponebottomthree.cpp GeneratedFiles\Debug\moc_toptwobottomtwo.cpp grubcuts.cpp inputwidget.cpp leftthreerightone.cpp loginwidget.cpp main.cpp mainwidget.cpp newexperimentwidget.cpp newmachinewidget.cpp onewidget.cpp onewidgetthreedimensional.cpp outputwidget.cpp QGLMitkWidget.cpp qtopencvviewer.cpp registerwidget.cpp toponebottomthree.cpp toptwobottomtwo.cpp
         moc_grubcuts.cpp
         moc_inputwidget.cpp
         moc_leftthreerightone.cpp
         moc_loginwidget.cpp
     1>c:\mitk-2.4.0.0-win32-vc9\mitk_library\mitkcommon\include\mitkCommonIncludes.h(97): warning C4005: “_WIN32_WINNT”: 宏重定义
                 C:\Program Files (x86)\Windows Kits\8.1\Include\shared\sdkddkver.h(200) : 参见“_WIN32_WINNT”的前一个定义
         moc_mainwidget.cpp
     1>c:\mitk-2.4.0.0-win32-vc9\mitk_library\mitkcommon\include\mitkCommonIncludes.h(97): warning C4005: “_WIN32_WINNT”: 宏重定义
                 C:\Program Files (x86)\Windows Kits\8.1\Include\shared\sdkddkver.h(200) : 参见“_WIN32_WINNT”的前一个定义
         moc_newexperimentwidget.cpp
         moc_newmachinewidget.cpp
         moc_onewidget.cpp
         moc_onewidgetthreedimensional.cpp
     1>c:\mitk-2.4.0.0-win32-vc9\mitk_library\mitkcommon\include\mitkCommonIncludes.h(97): warning C4005: “_WIN32_WINNT”: 宏重定义
                 C:\Program Files (x86)\Windows Kits\8.1\Include\shared\sdkddkver.h(200) : 参见“_WIN32_WINNT”的前一个定义
         moc_outputwidget.cpp
         moc_QGLMitkWidget.cpp
         moc_qtopencvviewer.cpp
         moc_registerwidget.cpp
         moc_toponebottomthree.cpp
     1>c:\mitk-2.4.0.0-win32-vc9\mitk_library\mitkcommon\include\mitkCommonIncludes.h(97): warning C4005: “_WIN32_WINNT”: 宏重定义
                 C:\Program Files (x86)\Windows Kits\8.1\Include\shared\sdkddkver.h(200) : 参见“_WIN32_WINNT”的前一个定义
         moc_toptwobottomtwo.cpp
         grubcuts.cpp
         inputwidget.cpp
         leftthreerightone.cpp
     1>c:\mitk-2.4.0.0-win32-vc9\mitk_library\mitkcommon\include\mitkCommonIncludes.h(97): warning C4005: “_WIN32_WINNT”: 宏重定义
                 C:\Program Files (x86)\Windows Kits\8.1\Include\shared\sdkddkver.h(200) : 参见“_WIN32_WINNT”的前一个定义
         loginwidget.cpp
     1>c:\mitk-2.4.0.0-win32-vc9\mitk_library\mitkcommon\include\mitkCommonIncludes.h(97): warning C4005: “_WIN32_WINNT”: 宏重定义
                 C:\Program Files (x86)\Windows Kits\8.1\Include\shared\sdkddkver.h(200) : 参见“_WIN32_WINNT”的前一个定义
         main.cpp
     1>c:\mitk-2.4.0.0-win32-vc9\mitk_library\mitkcommon\include\mitkCommonIncludes.h(97): warning C4005: “_WIN32_WINNT”: 宏重定义
                 C:\Program Files (x86)\Windows Kits\8.1\Include\shared\sdkddkver.h(200) : 参见“_WIN32_WINNT”的前一个定义
         正在生成代码...
         正在编译...
         mainwidget.cpp
     1>c:\mitk-2.4.0.0-win32-vc9\mitk_library\mitkcommon\include\mitkCommonIncludes.h(97): warning C4005: “_WIN32_WINNT”: 宏重定义
                 C:\Program Files (x86)\Windows Kits\8.1\Include\shared\sdkddkver.h(200) : 参见“_WIN32_WINNT”的前一个定义
     1>c:\mitk-2.4.0.0-win32-vc9\mitk_library\mitkvisualization\include\mitkWidgetModel.h(23): error C2872: “Point3f”: 不明确的符号
                 可能是“c:\mitk-2.4.0.0-win32-vc9\mitk_library\mitkcommon\include\mitkGeometryTypes.h(40) : _3d_point_type<float> Point3f”
                 或       “C:\Opencv\build\include\opencv2/core/core.hpp(892) : cv::Point3f”
         newexperimentwidget.cpp
         newmachinewidget.cpp
         onewidget.cpp
         onewidgetthreedimensional.cpp
     1>c:\mitk-2.4.0.0-win32-vc9\mitk_library\mitkcommon\include\mitkCommonIncludes.h(97): warning C4005: “_WIN32_WINNT”: 宏重定义
                 C:\Program Files (x86)\Windows Kits\8.1\Include\shared\sdkddkver.h(200) : 参见“_WIN32_WINNT”的前一个定义
         outputwidget.cpp
         QGLMitkWidget.cpp
     1>c:\mitk-2.4.0.0-win32-vc9\mitk_library\mitkcommon\include\mitkCommonIncludes.h(97): warning C4005: “_WIN32_WINNT”: 宏重定义
                 C:\Program Files (x86)\Windows Kits\8.1\Include\shared\sdkddkver.h(200) : 参见“_WIN32_WINNT”的前一个定义
         qtopencvviewer.cpp
         registerwidget.cpp
     1>c:\mitk-2.4.0.0-win32-vc9\mitk_library\mitkcommon\include\mitkCommonIncludes.h(97): warning C4005: “_WIN32_WINNT”: 宏重定义
                 C:\Program Files (x86)\Windows Kits\8.1\Include\shared\sdkddkver.h(200) : 参见“_WIN32_WINNT”的前一个定义
         toponebottomthree.cpp
     1>c:\mitk-2.4.0.0-win32-vc9\mitk_library\mitkcommon\include\mitkCommonIncludes.h(97): warning C4005: “_WIN32_WINNT”: 宏重定义
                 C:\Program Files (x86)\Windows Kits\8.1\Include\shared\sdkddkver.h(200) : 参见“_WIN32_WINNT”的前一个定义
         toptwobottomtwo.cpp
         正在生成代码...
     1>已完成生成项目“J:\GUI2_2\GUI2_2\GUI2_2.vcxproj”(Build 个目标)的操作 - 失败。

生成失败。

已用时间 00:01:14.93
