c:\users\administrator\desktop\gui2_2\gui2_2\debug\vc120.pdb
c:\users\administrator\desktop\gui2_2\gui2_2\debug\inputwidget.obj
c:\users\administrator\desktop\gui2_2\gui2_2\debug\grubcuts.obj
c:\users\administrator\desktop\gui2_2\gui2_2\debug\moc_toptwobottomtwo.obj
c:\users\administrator\desktop\gui2_2\gui2_2\debug\moc_toponebottomthree.obj
c:\users\administrator\desktop\gui2_2\gui2_2\debug\moc_registerwidget.obj
c:\users\administrator\desktop\gui2_2\gui2_2\debug\moc_qtopencvviewer.obj
c:\users\administrator\desktop\gui2_2\gui2_2\debug\moc_qglmitkwidget.obj
c:\users\administrator\desktop\gui2_2\gui2_2\debug\moc_outputwidget.obj
c:\users\administrator\desktop\gui2_2\gui2_2\debug\moc_onewidget.obj
c:\users\administrator\desktop\gui2_2\gui2_2\debug\moc_newmachinewidget.obj
c:\users\administrator\desktop\gui2_2\gui2_2\debug\moc_newexperimentwidget.obj
c:\users\administrator\desktop\gui2_2\gui2_2\debug\moc_leftthreerightone.obj
c:\users\administrator\desktop\gui2_2\gui2_2\debug\moc_inputwidget.obj
c:\users\administrator\desktop\gui2_2\gui2_2\debug\moc_grubcuts.obj
c:\users\administrator\desktop\gui2_2\gui2_2\debug\toptwobottomtwo.obj
c:\users\administrator\desktop\gui2_2\gui2_2\debug\toponebottomthree.obj
c:\users\administrator\desktop\gui2_2\gui2_2\debug\qtopencvviewer.obj
c:\users\administrator\desktop\gui2_2\gui2_2\debug\qglmitkwidget.obj
c:\users\administrator\desktop\gui2_2\gui2_2\debug\outputwidget.obj
c:\users\administrator\desktop\gui2_2\gui2_2\debug\onewidget.obj
c:\users\administrator\desktop\gui2_2\gui2_2\debug\newmachinewidget.obj
c:\users\administrator\desktop\gui2_2\gui2_2\debug\newexperimentwidget.obj
c:\users\administrator\desktop\gui2_2\gui2_2\debug\registerwidget.obj
c:\users\administrator\desktop\gui2_2\gui2_2\debug\onewidgetthreedimensional.obj
c:\users\administrator\desktop\gui2_2\gui2_2\debug\mainwidget.obj
c:\users\administrator\desktop\gui2_2\gui2_2\debug\main.obj
c:\users\administrator\desktop\gui2_2\gui2_2\debug\loginwidget.obj
c:\users\administrator\desktop\gui2_2\gui2_2\debug\leftthreerightone.obj
c:\users\administrator\desktop\gui2_2\gui2_2\debug\moc_onewidgetthreedimensional.obj
c:\users\administrator\desktop\gui2_2\gui2_2\debug\moc_mainwidget.obj
c:\users\administrator\desktop\gui2_2\gui2_2\debug\moc_loginwidget.obj
c:\users\administrator\desktop\gui2_2\gui2_2\debug\qrc_mainwidget.obj
c:\users\administrator\desktop\gui2_2\gui2_2\generatedfiles\debug\moc_outputwidget.cpp
c:\users\administrator\desktop\gui2_2\gui2_2\generatedfiles\debug\moc_newexperimentwidget.cpp
c:\users\administrator\desktop\gui2_2\gui2_2\generatedfiles\debug\moc_newmachinewidget.cpp
c:\users\administrator\desktop\gui2_2\gui2_2\generatedfiles\debug\moc_registerwidget.cpp
c:\users\administrator\desktop\gui2_2\gui2_2\generatedfiles\debug\moc_loginwidget.cpp
c:\users\administrator\desktop\gui2_2\gui2_2\generatedfiles\debug\moc_grubcuts.cpp
c:\users\administrator\desktop\gui2_2\gui2_2\generatedfiles\debug\moc_onewidgetthreedimensional.cpp
c:\users\administrator\desktop\gui2_2\gui2_2\generatedfiles\debug\moc_qglmitkwidget.cpp
c:\users\administrator\desktop\gui2_2\gui2_2\generatedfiles\debug\moc_qtopencvviewer.cpp
c:\users\administrator\desktop\gui2_2\gui2_2\generatedfiles\debug\moc_onewidget.cpp
c:\users\administrator\desktop\gui2_2\gui2_2\generatedfiles\debug\moc_toptwobottomtwo.cpp
c:\users\administrator\desktop\gui2_2\gui2_2\generatedfiles\debug\moc_leftthreerightone.cpp
c:\users\administrator\desktop\gui2_2\gui2_2\generatedfiles\debug\moc_toponebottomthree.cpp
c:\users\administrator\desktop\gui2_2\gui2_2\generatedfiles\qrc_mainwidget.cpp
c:\users\administrator\desktop\gui2_2\gui2_2\generatedfiles\ui_toponebottomthree.h
c:\users\administrator\desktop\gui2_2\gui2_2\generatedfiles\ui_leftthreerightone.h
c:\users\administrator\desktop\gui2_2\gui2_2\generatedfiles\ui_toptwobottomtwo.h
c:\users\administrator\desktop\gui2_2\gui2_2\generatedfiles\ui_onewidget.h
c:\users\administrator\desktop\gui2_2\gui2_2\generatedfiles\ui_onewidgetthreedimensional.h
c:\users\administrator\desktop\gui2_2\gui2_2\generatedfiles\ui_loginwidget.h
c:\users\administrator\desktop\gui2_2\gui2_2\generatedfiles\ui_registerwidget.h
c:\users\administrator\desktop\gui2_2\gui2_2\generatedfiles\ui_inputwidget.h
c:\users\administrator\desktop\gui2_2\gui2_2\generatedfiles\ui_newmachinewidget.h
c:\users\administrator\desktop\gui2_2\gui2_2\generatedfiles\ui_newexperimentwidget.h
c:\users\administrator\desktop\gui2_2\gui2_2\generatedfiles\ui_outputwidget.h
c:\users\administrator\desktop\gui2_2\gui2_2\generatedfiles\debug\moc_inputwidget.cpp
c:\users\administrator\desktop\gui2_2\gui2_2\generatedfiles\ui_mainwidget.h
c:\users\administrator\desktop\gui2_2\gui2_2\generatedfiles\debug\moc_mainwidget.cpp
c:\users\administrator\desktop\gui2_2\win32\debug\gui2_2.ilk
c:\users\administrator\desktop\gui2_2\win32\debug\gui2_2.exe
c:\users\administrator\desktop\gui2_2\win32\debug\gui2_2.pdb
j:\gui2_2\gui2_2\debug\grubcuts.obj
j:\gui2_2\gui2_2\debug\inputwidget.obj
j:\gui2_2\gui2_2\debug\leftthreerightone.obj
j:\gui2_2\gui2_2\debug\loginwidget.obj
j:\gui2_2\gui2_2\debug\main.obj
j:\gui2_2\gui2_2\debug\mainwidget.obj
j:\gui2_2\gui2_2\debug\moc_grubcuts.obj
j:\gui2_2\gui2_2\debug\moc_inputwidget.obj
j:\gui2_2\gui2_2\debug\moc_leftthreerightone.obj
j:\gui2_2\gui2_2\debug\moc_loginwidget.obj
j:\gui2_2\gui2_2\debug\moc_mainwidget.obj
j:\gui2_2\gui2_2\debug\moc_newexperimentwidget.obj
j:\gui2_2\gui2_2\debug\moc_newmachinewidget.obj
j:\gui2_2\gui2_2\debug\moc_onewidget.obj
j:\gui2_2\gui2_2\debug\moc_onewidgetthreedimensional.obj
j:\gui2_2\gui2_2\debug\moc_outputwidget.obj
j:\gui2_2\gui2_2\debug\moc_qglmitkwidget.obj
j:\gui2_2\gui2_2\debug\moc_qtopencvviewer.obj
j:\gui2_2\gui2_2\debug\moc_registerwidget.obj
j:\gui2_2\gui2_2\debug\moc_toponebottomthree.obj
j:\gui2_2\gui2_2\debug\moc_toptwobottomtwo.obj
j:\gui2_2\gui2_2\debug\newexperimentwidget.obj
j:\gui2_2\gui2_2\debug\newmachinewidget.obj
j:\gui2_2\gui2_2\debug\onewidget.obj
j:\gui2_2\gui2_2\debug\onewidgetthreedimensional.obj
j:\gui2_2\gui2_2\debug\outputwidget.obj
j:\gui2_2\gui2_2\debug\qglmitkwidget.obj
j:\gui2_2\gui2_2\debug\qrc_mainwidget.obj
j:\gui2_2\gui2_2\debug\qtopencvviewer.obj
j:\gui2_2\gui2_2\debug\registerwidget.obj
j:\gui2_2\gui2_2\debug\toponebottomthree.obj
j:\gui2_2\gui2_2\debug\toptwobottomtwo.obj
j:\gui2_2\gui2_2\debug\vc120.pdb
j:\gui2_2\win32\debug\gui2_2.pdb
j:\gui2_2\win32\debug\gui2_2.exe
j:\gui2_2\win32\debug\gui2_2.ilk
j:\gui2_2\gui2_2\debug\gui2_2.tlog\cl.command.1.tlog
j:\gui2_2\gui2_2\debug\gui2_2.tlog\cl.read.1.tlog
j:\gui2_2\gui2_2\debug\gui2_2.tlog\cl.write.1.tlog
j:\gui2_2\gui2_2\debug\gui2_2.tlog\custombuild.command.1.tlog
j:\gui2_2\gui2_2\debug\gui2_2.tlog\custombuild.read.1.tlog
j:\gui2_2\gui2_2\debug\gui2_2.tlog\custombuild.write.1.tlog
j:\gui2_2\gui2_2\debug\gui2_2.tlog\link.command.1.tlog
j:\gui2_2\gui2_2\debug\gui2_2.tlog\link.read.1.tlog
j:\gui2_2\gui2_2\debug\gui2_2.tlog\link.write.1.tlog
